[15:59:20] [main/INFO]: Setting user: ForgeDevName
[15:59:20] [Client thread/INFO]: LWJGL Version: 2.9.1
[15:59:26] [Client thread/INFO]: Reloading ResourceManager: Default, FMLFileResourcePack:Forge Mod Loader, FMLFileResourcePack:Minecraft Forge, FMLFileResourcePack:AtlantisMod
[15:59:27] [Sound Library Loader/INFO]: Sound engine started
[15:59:27] [Client thread/INFO]: Created: 512x256 textures/blocks-atlas
[15:59:27] [Client thread/INFO]: Created: 256x256 textures/items-atlas
[15:59:27] [Client thread/INFO]: Reloading ResourceManager: Default, FMLFileResourcePack:Forge Mod Loader, FMLFileResourcePack:Minecraft Forge, FMLFileResourcePack:AtlantisMod
[15:59:27] [Client thread/INFO]: Created: 256x256 textures/items-atlas
[15:59:28] [Client thread/INFO]: Created: 512x256 textures/blocks-atlas
[15:59:28] [Sound Library Loader/INFO]: Sound engine started
[15:59:36] [Server thread/INFO]: Starting integrated minecraft server version 1.7.10
[15:59:36] [Server thread/INFO]: Generating keypair
[15:59:36] [Server thread/INFO]: Preparing start region for level 0
[15:59:37] [Server thread/INFO]: Changing view distance to 8, from 10
[15:59:37] [Server thread/INFO]: ForgeDevName[local:E:dfea1767] logged in with entity id 155 at (-1342.1175237348589, 4.0, 217.991274555293)
[15:59:37] [Server thread/INFO]: ForgeDevName joined the game
[15:59:47] [Client thread/INFO]: Stopping!
[15:59:47] [Server thread/INFO]: Stopping server
[15:59:47] [Server thread/INFO]: Saving players
[15:59:47] [Server thread/INFO]: Saving worlds
[15:59:47] [Server thread/INFO]: Saving chunks for level 'New World'/Overworld
[15:59:47] [Server thread/INFO]: Saving chunks for level 'New World'/Nether
[15:59:47] [Server thread/INFO]: Saving chunks for level 'New World'/The End
